0 info it worked if it ends with ok
1 verbose cli [ '/usr/local/bin/node',
1 verbose cli   '/usr/local/bin/npm',
1 verbose cli   'install',
1 verbose cli   '-g',
1 verbose cli   'yo' ]
2 info using npm@1.4.28
3 info using node@v0.10.36
4 verbose cache add [ 'yo', null ]
5 verbose cache add name=undefined spec="yo" args=["yo",null]
6 verbose parsed url { protocol: null,
6 verbose parsed url   slashes: null,
6 verbose parsed url   auth: null,
6 verbose parsed url   host: null,
6 verbose parsed url   port: null,
6 verbose parsed url   hostname: null,
6 verbose parsed url   hash: null,
6 verbose parsed url   search: null,
6 verbose parsed url   query: null,
6 verbose parsed url   pathname: 'yo',
6 verbose parsed url   path: 'yo',
6 verbose parsed url   href: 'yo' }
7 silly lockFile c41975d1-yo yo
8 verbose lock yo /home/jordan/.npm/c41975d1-yo.lock
9 silly lockFile c41975d1-yo yo
10 silly lockFile c41975d1-yo yo
11 verbose addNamed [ 'yo', '' ]
12 verbose addNamed [ null, '*' ]
13 silly lockFile d937c28e-yo yo@
14 verbose lock yo@ /home/jordan/.npm/d937c28e-yo.lock
15 silly addNameRange { name: 'yo', range: '*', hasData: false }
16 verbose request where is /yo
17 verbose request registry https://registry.npmjs.org/
18 verbose request id 1a160bd3ee03103c
19 verbose url raw /yo
20 verbose url resolving [ 'https://registry.npmjs.org/', './yo' ]
21 verbose url resolved https://registry.npmjs.org/yo
22 verbose request where is https://registry.npmjs.org/yo
23 info trying registry request attempt 1 at 08:23:18
24 http GET https://registry.npmjs.org/yo
25 http 200 https://registry.npmjs.org/yo
26 silly registry.get cb [ 200,
26 silly registry.get   { server: 'CouchDB/1.5.0 (Erlang OTP/R16B03)',
26 silly registry.get     etag: '"D45MTULN9QVCS2EAVJPQ8WEQG"',
26 silly registry.get     'content-type': 'application/json',
26 silly registry.get     'content-encoding': 'gzip',
26 silly registry.get     'cache-control': 'max-age=300',
26 silly registry.get     'content-length': '9417',
26 silly registry.get     'accept-ranges': 'bytes',
26 silly registry.get     date: 'Fri, 29 Apr 2016 06:23:23 GMT',
26 silly registry.get     via: '1.1 varnish',
26 silly registry.get     age: '262',
26 silly registry.get     connection: 'keep-alive',
26 silly registry.get     'x-served-by': 'cache-lhr6326-LHR',
26 silly registry.get     'x-cache': 'HIT',
26 silly registry.get     'x-cache-hits': '1',
26 silly registry.get     'x-timer': 'S1461911003.862099,VS0,VE0',
26 silly registry.get     vary: 'Accept-Encoding' } ]
27 silly addNameRange number 2 { name: 'yo', range: '*', hasData: true }
28 silly addNameRange versions [ 'yo',
28 silly addNameRange   [ '1.1.0',
28 silly addNameRange     '1.1.1',
28 silly addNameRange     '1.1.2',
28 silly addNameRange     '1.2.0',
28 silly addNameRange     '1.2.1',
28 silly addNameRange     '1.3.0',
28 silly addNameRange     '1.3.2',
28 silly addNameRange     '1.3.3',
28 silly addNameRange     '1.4.6',
28 silly addNameRange     '1.4.7',
28 silly addNameRange     '1.4.8',
28 silly addNameRange     '1.5.0',
28 silly addNameRange     '1.5.1',
28 silly addNameRange     '1.6.0',
28 silly addNameRange     '1.7.0' ] ]
29 verbose addNamed [ 'yo', '1.7.0' ]
30 verbose addNamed [ '1.7.0', '1.7.0' ]
31 silly lockFile e7b66c7e-yo-1-7-0 yo@1.7.0
32 verbose lock yo@1.7.0 /home/jordan/.npm/e7b66c7e-yo-1-7-0.lock
33 silly lockFile d71ff937-gistry-npmjs-org-yo-yo-1-7-0-tgz https://registry.npmjs.org/yo/-/yo-1.7.0.tgz
34 verbose lock https://registry.npmjs.org/yo/-/yo-1.7.0.tgz /home/jordan/.npm/d71ff937-gistry-npmjs-org-yo-yo-1-7-0-tgz.lock
35 verbose addRemoteTarball [ 'https://registry.npmjs.org/yo/-/yo-1.7.0.tgz',
35 verbose addRemoteTarball   'eb354d2e40dd0ac50277bfa7177a4470897a8655' ]
36 info retry fetch attempt 1 at 08:23:18
37 verbose fetch to= /tmp/npm-29307-3QsR4IFW/registry.npmjs.org/yo/-/yo-1.7.0.tgz
38 http GET https://registry.npmjs.org/yo/-/yo-1.7.0.tgz
39 http 200 https://registry.npmjs.org/yo/-/yo-1.7.0.tgz
40 silly lockFile d71ff937-gistry-npmjs-org-yo-yo-1-7-0-tgz https://registry.npmjs.org/yo/-/yo-1.7.0.tgz
41 silly lockFile d71ff937-gistry-npmjs-org-yo-yo-1-7-0-tgz https://registry.npmjs.org/yo/-/yo-1.7.0.tgz
42 silly lockFile e7b66c7e-yo-1-7-0 yo@1.7.0
43 silly lockFile e7b66c7e-yo-1-7-0 yo@1.7.0
44 silly lockFile d937c28e-yo yo@
45 silly lockFile d937c28e-yo yo@
46 silly resolved [ { name: 'yo',
46 silly resolved     version: '1.7.0',
46 silly resolved     description: 'CLI tool for running Yeoman generators',
46 silly resolved     homepage: 'https://github.com/yeoman/yo#readme',
46 silly resolved     author: { name: 'Yeoman' },
46 silly resolved     files: [ 'lib' ],
46 silly resolved     main: 'lib/index.js',
46 silly resolved     keywords:
46 silly resolved      [ 'cli-app',
46 silly resolved        'cli',
46 silly resolved        'front-end',
46 silly resolved        'development',
46 silly resolved        'dev',
46 silly resolved        'build',
46 silly resolved        'web',
46 silly resolved        'tool',
46 silly resolved        'scaffold',
46 silly resolved        'stack',
46 silly resolved        'yeoman',
46 silly resolved        'generator',
46 silly resolved        'generate',
46 silly resolved        'app',
46 silly resolved        'boilerplate' ],
46 silly resolved     license: 'BSD-2-Clause',
46 silly resolved     repository: { type: 'git', url: 'git+https://github.com/yeoman/yo.git' },
46 silly resolved     bin: { yo: 'lib/cli.js' },
46 silly resolved     engines: { node: '>=0.12.0' },
46 silly resolved     scripts:
46 silly resolved      { test: 'gulp',
46 silly resolved        postinstall: 'yodoctor',
46 silly resolved        postupdate: 'yodoctor',
46 silly resolved        prepublish: 'gulp prepublish' },
46 silly resolved     dependencies:
46 silly resolved      { async: '^1.0.0',
46 silly resolved        chalk: '^1.0.0',
46 silly resolved        'cli-list': '^0.1.1',
46 silly resolved        configstore: '^1.0.0',
46 silly resolved        'cross-spawn-async': '^2.0.0',
46 silly resolved        figures: '^1.3.5',
46 silly resolved        fullname: '^2.0.0',
46 silly resolved        got: '^5.0.0',
46 silly resolved        'humanize-string': '^1.0.0',
46 silly resolved        inquirer: '^0.11.0',
46 silly resolved        insight: '^0.7.0',
46 silly resolved        lodash: '^3.2.0',
46 silly resolved        meow: '^3.0.0',
46 silly resolved        'npm-keyword': '^4.1.0',
46 silly resolved        opn: '^3.0.2',
46 silly resolved        'package-json': '^2.1.0',
46 silly resolved        'read-pkg-up': '^1.0.1',
46 silly resolved        repeating: '^2.0.0',
46 silly resolved        'root-check': '^1.0.0',
46 silly resolved        'sort-on': '^1.0.0',
46 silly resolved        'string-length': '^1.0.0',
46 silly resolved        titleize: '^1.0.0',
46 silly resolved        'update-notifier': '^0.6.0',
46 silly resolved        'user-home': '^2.0.0',
46 silly resolved        'yeoman-character': '^1.0.0',
46 silly resolved        'yeoman-doctor': '^2.0.0',
46 silly resolved        'yeoman-environment': '^1.5.0',
46 silly resolved        yosay: '^1.0.0' },
46 silly resolved     devDependencies:
46 silly resolved      { mocha: '^2.1.0',
46 silly resolved        mockery: '^1.4.0',
46 silly resolved        nock: '^2.0.1',
46 silly resolved        nsp: '^2.2.0',
46 silly resolved        proxyquire: '^1.0.1',
46 silly resolved        'registry-url': '^3.0.0',
46 silly resolved        sinon: '^1.12.1',
46 silly resolved        gulp: '^3.6.0',
46 silly resolved        'gulp-eslint': '^1.0.0',
46 silly resolved        'gulp-exclude-gitignore': '^1.0.0',
46 silly resolved        'gulp-istanbul': '^0.9.0',
46 silly resolved        'gulp-mocha': '^2.0.0',
46 silly resolved        'gulp-plumber': '^1.0.0',
46 silly resolved        'gulp-nsp': '^2.1.0',
46 silly resolved        'gulp-coveralls': '^0.1.0' },
46 silly resolved     gitHead: 'ce739d33a387aecb134627816cbddf960cab9b1f',
46 silly resolved     bugs: { url: 'https://github.com/yeoman/yo/issues' },
46 silly resolved     _id: 'yo@1.7.0',
46 silly resolved     _shasum: 'eb354d2e40dd0ac50277bfa7177a4470897a8655',
46 silly resolved     _from: 'yo@',
46 silly resolved     _npmVersion: '3.5.3',
46 silly resolved     _nodeVersion: '5.5.0',
46 silly resolved     _npmUser: { name: 'sboudrias', email: 'admin@simonboudrias.com' },
46 silly resolved     dist:
46 silly resolved      { shasum: 'eb354d2e40dd0ac50277bfa7177a4470897a8655',
46 silly resolved        tarball: 'https://registry.npmjs.org/yo/-/yo-1.7.0.tgz' },
46 silly resolved     maintainers:
46 silly resolved      [ [Object],
46 silly resolved        [Object],
46 silly resolved        [Object],
46 silly resolved        [Object],
46 silly resolved        [Object],
46 silly resolved        [Object],
46 silly resolved        [Object] ],
46 silly resolved     _npmOperationalInternal:
46 silly resolved      { host: 'packages-9-west.internal.npmjs.com',
46 silly resolved        tmp: 'tmp/yo-1.7.0.tgz_1456519776662_0.09777535311877728' },
46 silly resolved     directories: {},
46 silly resolved     _resolved: 'https://registry.npmjs.org/yo/-/yo-1.7.0.tgz' } ]
47 info install yo@1.7.0 into /usr/local/lib
48 info installOne yo@1.7.0
49 warn engine yo@1.7.0: wanted: {"node":">=0.12.0"} (current: {"node":"0.10.36","npm":"1.4.28"})
50 verbose lib/node_modules/yo unbuild
51 verbose tar unpack /home/jordan/.npm/yo/1.7.0/package.tgz
52 silly lockFile 7d7c7bef-ar-usr-local-lib-node-modules-yo tar:///usr/local/lib/node_modules/yo
53 verbose lock tar:///usr/local/lib/node_modules/yo /home/jordan/.npm/7d7c7bef-ar-usr-local-lib-node-modules-yo.lock
54 silly lockFile bb1f9d01--jordan-npm-yo-1-7-0-package-tgz tar:///home/jordan/.npm/yo/1.7.0/package.tgz
55 verbose lock tar:///home/jordan/.npm/yo/1.7.0/package.tgz /home/jordan/.npm/bb1f9d01--jordan-npm-yo-1-7-0-package-tgz.lock
56 silly gunzTarPerm modes [ '775', '664' ]
57 error Error: EACCES, mkdir '/usr/local/lib/node_modules/yo'
57 error  { [Error: EACCES, mkdir '/usr/local/lib/node_modules/yo']
57 error   errno: 3,
57 error   code: 'EACCES',
57 error   path: '/usr/local/lib/node_modules/yo',
57 error   fstream_type: 'Directory',
57 error   fstream_path: '/usr/local/lib/node_modules/yo',
57 error   fstream_class: 'DirWriter',
57 error   fstream_stack:
57 error    [ '/usr/local/lib/node_modules/npm/node_modules/fstream/lib/dir-writer.js:36:23',
57 error      '/usr/local/lib/node_modules/npm/node_modules/mkdirp/index.js:46:53',
57 error      'Object.oncomplete (fs.js:108:15)' ] }
58 error Please try running this command again as root/Administrator.
59 error System Linux 3.13.0-83-generic
60 error command "/usr/local/bin/node" "/usr/local/bin/npm" "install" "-g" "yo"
61 error cwd /home/jordan/dev/budgest-server
62 error node -v v0.10.36
63 error npm -v 1.4.28
64 error path /usr/local/lib/node_modules/yo
65 error fstream_path /usr/local/lib/node_modules/yo
66 error fstream_type Directory
67 error fstream_class DirWriter
68 error code EACCES
69 error errno 3
70 error stack Error: EACCES, mkdir '/usr/local/lib/node_modules/yo'
71 error fstream_stack /usr/local/lib/node_modules/npm/node_modules/fstream/lib/dir-writer.js:36:23
71 error fstream_stack /usr/local/lib/node_modules/npm/node_modules/mkdirp/index.js:46:53
71 error fstream_stack Object.oncomplete (fs.js:108:15)
72 verbose exit [ 3, true ]
